2023-10-09 21:14:24,691 - __init__ - 271 - INFO - model:
GAT
2023-10-09 21:14:37,999 - fit - 426 - INFO - training...
2023-10-09 21:15:16,918 - fit - 435 - INFO - Epoch0: train loss 0.9957
2023-10-09 21:15:55,275 - fit - 435 - INFO - Epoch1: train loss 0.9958
2023-10-09 21:16:32,697 - fit - 435 - INFO - Epoch2: train loss 0.9955
2023-10-09 21:17:10,602 - fit - 435 - INFO - Epoch3: train loss 0.9943
2023-10-09 21:17:48,200 - fit - 435 - INFO - Epoch4: train loss 0.9937
2023-10-09 21:18:24,511 - fit - 435 - INFO - Epoch5: train loss 0.9928
2023-10-09 21:19:00,417 - fit - 435 - INFO - Epoch6: train loss 0.9923
2023-10-09 21:19:37,955 - fit - 435 - INFO - Epoch7: train loss 0.9921
2023-10-09 21:20:14,961 - fit - 435 - INFO - Epoch8: train loss 0.9917
2023-10-09 21:20:53,039 - fit - 435 - INFO - Epoch9: train loss 0.9912
2023-10-09 21:21:30,677 - fit - 435 - INFO - Epoch10: train loss 0.9912
2023-10-09 21:22:09,687 - fit - 435 - INFO - Epoch11: train loss 0.9903
2023-10-09 21:22:46,323 - fit - 435 - INFO - Epoch12: train loss 0.9904
2023-10-09 21:23:22,677 - fit - 435 - INFO - Epoch13: train loss 0.9897
2023-10-09 21:23:58,454 - fit - 435 - INFO - Epoch14: train loss 0.9893
2023-10-09 21:24:34,926 - fit - 435 - INFO - Epoch15: train loss 0.9883
2023-10-09 21:25:11,858 - fit - 435 - INFO - Epoch16: train loss 0.9885
2023-10-09 21:25:48,736 - fit - 435 - INFO - Epoch17: train loss 0.9887
2023-10-09 21:26:25,565 - fit - 435 - INFO - Epoch18: train loss 0.9872
2023-10-09 21:27:01,597 - fit - 435 - INFO - Epoch19: train loss 0.9866
2023-10-09 21:27:38,594 - fit - 435 - INFO - Epoch20: train loss 0.9866
2023-10-09 21:28:15,173 - fit - 435 - INFO - Epoch21: train loss 0.9861
2023-10-09 21:28:51,881 - fit - 435 - INFO - Epoch22: train loss 0.9858
2023-10-09 21:29:28,293 - fit - 435 - INFO - Epoch23: train loss 0.9859
2023-10-09 21:30:05,129 - fit - 435 - INFO - Epoch24: train loss 0.9856
2023-10-09 21:30:40,871 - fit - 435 - INFO - Epoch25: train loss 0.9847
2023-10-09 21:30:40,874 - fit - 446 - INFO - early stop
2023-10-09 21:30:40,874 - fit - 461 - INFO - evaluating...
test loss: 0.007562750045678343, test score: -0.007562750045678343, test IC: 0.042446259334206842023-10-10 15:29:16,265 - __init__ - 271 - INFO - model:
GAT
