2023-10-10 00:52:05,418 - __init__ - 271 - INFO - model:
GSAT_GCN
2023-10-10 00:52:18,712 - fit - 426 - INFO - training...
2023-10-10 00:53:08,560 - fit - 435 - INFO - Epoch0: train loss 0.9951
2023-10-10 00:53:57,732 - fit - 435 - INFO - Epoch1: train loss 0.9942
2023-10-10 00:54:47,489 - fit - 435 - INFO - Epoch2: train loss 0.9940
2023-10-10 00:55:36,916 - fit - 435 - INFO - Epoch3: train loss 0.9921
2023-10-10 00:56:26,331 - fit - 435 - INFO - Epoch4: train loss 0.9910
2023-10-10 00:57:15,968 - fit - 435 - INFO - Epoch5: train loss 0.9904
2023-10-10 00:58:05,623 - fit - 435 - INFO - Epoch6: train loss 0.9897
2023-10-10 00:58:55,249 - fit - 435 - INFO - Epoch7: train loss 0.9888
2023-10-10 00:59:44,555 - fit - 435 - INFO - Epoch8: train loss 0.9883
2023-10-10 01:00:35,107 - fit - 435 - INFO - Epoch9: train loss 0.9877
2023-10-10 01:01:24,134 - fit - 435 - INFO - Epoch10: train loss 0.9882
2023-10-10 01:02:13,547 - fit - 435 - INFO - Epoch11: train loss 0.9871
2023-10-10 01:03:02,520 - fit - 435 - INFO - Epoch12: train loss 0.9872
2023-10-10 01:03:51,642 - fit - 435 - INFO - Epoch13: train loss 0.9865
2023-10-10 01:04:40,376 - fit - 435 - INFO - Epoch14: train loss 0.9865
2023-10-10 01:05:29,341 - fit - 435 - INFO - Epoch15: train loss 0.9850
2023-10-10 01:06:18,039 - fit - 435 - INFO - Epoch16: train loss 0.9859
2023-10-10 01:07:07,154 - fit - 435 - INFO - Epoch17: train loss 0.9855
2023-10-10 01:07:56,462 - fit - 435 - INFO - Epoch18: train loss 0.9841
2023-10-10 01:07:56,465 - fit - 446 - INFO - early stop
2023-10-10 01:07:56,465 - fit - 461 - INFO - evaluating...
2023-10-10 01:08:14,452 - fit - 463 - INFO - test loss 0.0093, test score -0.0093, test IC 0.0444
2023-10-10 15:33:11,561 - __init__ - 271 - INFO - model:
GSAT_GCN
